<?xml version="1.0" ?>
<!DOCTYPE coverage SYSTEM "http://cobertura.sourceforge.net/xml/coverage-04.dtd">
<coverage lines-valid="346" lines-covered="246" line-rate="0.7109000000000001" branches-valid="213" branches-covered="122" branch-rate="0.5727" timestamp="1774529624542" complexity="0" version="0.1">
  <sources>
    <source>D:\ado-tag-manager</source>
  </sources>
  <packages>
    <package name="app" line-rate="0.6301" branch-rate="0.5337">
      <classes>
        <class name="AlphaNav.tsx" filename="src\app\AlphaNav.tsx" line-rate="0.8571" branch-rate="0.6206">
          <methods>
            <method name="(anonymous_1)" hits="52" signature="()V">
              <lines>
                <line number="11" hits="52"/>
              </lines>
            </method>
            <method name="(anonymous_2)" hits="16" signature="()V">
              <lines>
                <line number="15" hits="16"/>
              </lines>
            </method>
            <method name="(anonymous_3)" hits="74" signature="()V">
              <lines>
                <line number="21" hits="74"/>
              </lines>
            </method>
            <method name="(anonymous_4)" hits="0" signature="()V">
              <lines>
                <line number="64" hits="0"/>
              </lines>
            </method>
            <method name="(anonymous_5)" hits="432" signature="()V">
              <lines>
                <line number="69" hits="432"/>
              </lines>
            </method>
            <method name="(anonymous_6)" hits="0" signature="()V">
              <lines>
                <line number="90" hits="0"/>
              </lines>
            </method>
          </methods>
          <lines>
            <line number="2" hits="2" branch="false"/>
            <line number="11" hits="2" branch="false"/>
            <line number="12" hits="52" branch="false"/>
            <line number="15" hits="2" branch="false"/>
            <line number="20" hits="16" branch="false"/>
            <line number="22" hits="74" branch="true" condition-coverage="75% (3/4)"/>
            <line number="23" hits="74" branch="true" condition-coverage="80% (4/5)"/>
            <line number="27" hits="16" branch="false"/>
            <line number="41" hits="16" branch="false"/>
            <line number="64" hits="0" branch="false"/>
            <line number="70" hits="432" branch="false"/>
            <line number="71" hits="432" branch="false"/>
            <line number="72" hits="432" branch="false"/>
            <line number="90" hits="0" branch="true" condition-coverage="0% (0/2)"/>
          </lines>
        </class>
        <class name="CountConfirmDialog.tsx" filename="src\app\CountConfirmDialog.tsx" line-rate="1" branch-rate="1">
          <methods>
            <method name="(anonymous_1)" hits="1" signature="()V">
              <lines>
                <line number="13" hits="1"/>
              </lines>
            </method>
          </methods>
          <lines>
            <line number="2" hits="2" branch="false"/>
            <line number="3" hits="2" branch="false"/>
            <line number="4" hits="2" branch="false"/>
            <line number="13" hits="2" branch="false"/>
            <line number="18" hits="1" branch="false"/>
          </lines>
        </class>
        <class name="DeleteDialog.tsx" filename="src\app\DeleteDialog.tsx" line-rate="0.6666" branch-rate="0">
          <methods>
            <method name="(anonymous_1)" hits="0" signature="()V">
              <lines>
                <line number="13" hits="0"/>
              </lines>
            </method>
            <method name="(anonymous_2)" hits="0" signature="()V">
              <lines>
                <line number="60" hits="0"/>
              </lines>
            </method>
          </methods>
          <lines>
            <line number="2" hits="2" branch="false"/>
            <line number="3" hits="2" branch="false"/>
            <line number="4" hits="2" branch="false"/>
            <line number="13" hits="2" branch="false"/>
            <line number="18" hits="0" branch="false"/>
            <line number="61" hits="0" branch="false"/>
          </lines>
        </class>
        <class name="MergeDialog.tsx" filename="src\app\MergeDialog.tsx" line-rate="0.6481" branch-rate="0.5128">
          <methods>
            <method name="(anonymous_9)" hits="5" signature="()V">
              <lines>
                <line number="15" hits="5"/>
              </lines>
            </method>
            <method name="(anonymous_10)" hits="10" signature="()V">
              <lines>
                <line number="30" hits="10"/>
              </lines>
            </method>
            <method name="(anonymous_11)" hits="5" signature="()V">
              <lines>
                <line number="38" hits="5"/>
              </lines>
            </method>
            <method name="(anonymous_12)" hits="2" signature="()V">
              <lines>
                <line number="46" hits="2"/>
              </lines>
            </method>
            <method name="(anonymous_13)" hits="1" signature="()V">
              <lines>
                <line number="47" hits="1"/>
              </lines>
            </method>
            <method name="(anonymous_14)" hits="2" signature="()V">
              <lines>
                <line number="53" hits="2"/>
              </lines>
            </method>
            <method name="(anonymous_15)" hits="2" signature="()V">
              <lines>
                <line number="56" hits="2"/>
              </lines>
            </method>
            <method name="(anonymous_16)" hits="0" signature="()V">
              <lines>
                <line number="62" hits="0"/>
              </lines>
            </method>
            <method name="(anonymous_17)" hits="0" signature="()V">
              <lines>
                <line number="66" hits="0"/>
              </lines>
            </method>
            <method name="(anonymous_18)" hits="0" signature="()V">
              <lines>
                <line number="69" hits="0"/>
              </lines>
            </method>
            <method name="(anonymous_19)" hits="1" signature="()V">
              <lines>
                <line number="83" hits="1"/>
              </lines>
            </method>
            <method name="(anonymous_20)" hits="1" signature="()V">
              <lines>
                <line number="99" hits="1"/>
              </lines>
            </method>
            <method name="(anonymous_21)" hits="5" signature="()V">
              <lines>
                <line number="130" hits="5"/>
              </lines>
            </method>
            <method name="(anonymous_22)" hits="0" signature="()V">
              <lines>
                <line number="150" hits="0"/>
              </lines>
            </method>
            <method name="(anonymous_23)" hits="1" signature="()V">
              <lines>
                <line number="184" hits="1"/>
              </lines>
            </method>
            <method name="(anonymous_24)" hits="1" signature="()V">
              <lines>
                <line number="187" hits="1"/>
              </lines>
            </method>
            <method name="(anonymous_25)" hits="0" signature="()V">
              <lines>
                <line number="188" hits="0"/>
              </lines>
            </method>
            <method name="(anonymous_26)" hits="0" signature="()V">
              <lines>
                <line number="205" hits="0"/>
              </lines>
            </method>
            <method name="(anonymous_27)" hits="0" signature="()V">
              <lines>
                <line number="206" hits="0"/>
              </lines>
            </method>
          </methods>
          <lines>
            <line number="2" hits="3" branch="false"/>
            <line number="3" hits="3" branch="false"/>
            <line number="4" hits="3" branch="false"/>
            <line number="5" hits="3" branch="false"/>
            <line number="15" hits="3" branch="false"/>
            <line number="21" hits="5" branch="false"/>
            <line number="22" hits="5" branch="false"/>
            <line number="23" hits="5" branch="false"/>
            <line number="24" hits="5" branch="false"/>
            <line number="26" hits="5" branch="false"/>
            <line number="29" hits="5" branch="false"/>
            <line number="31" hits="10" branch="true" condition-coverage="100% (2/2)"/>
            <line number="37" hits="5" branch="true" condition-coverage="100% (2/2)"/>
            <line number="38" hits="5" branch="false"/>
            <line number="41" hits="5" branch="true" condition-coverage="100% (2/2)"/>
            <line number="43" hits="5" branch="false"/>
            <line number="46" hits="5" branch="false"/>
            <line number="47" hits="2" branch="false"/>
            <line number="48" hits="1" branch="true" condition-coverage="66.66666666666666% (2/3)"/>
            <line number="49" hits="0" branch="false"/>
            <line number="52" hits="2" branch="false"/>
            <line number="53" hits="2" branch="false"/>
            <line number="56" hits="5" branch="false"/>
            <line number="57" hits="2" branch="false"/>
            <line number="58" hits="2" branch="false"/>
            <line number="59" hits="2" branch="false"/>
            <line number="62" hits="5" branch="false"/>
            <line number="63" hits="0" branch="true" condition-coverage="0% (0/3)"/>
            <line number="64" hits="0" branch="true" condition-coverage="0% (0/2)"/>
            <line number="65" hits="0" branch="false"/>
            <line number="66" hits="0" branch="false"/>
            <line number="67" hits="0" branch="true" condition-coverage="0% (0/2)"/>
            <line number="68" hits="0" branch="false"/>
            <line number="69" hits="0" branch="false"/>
            <line number="70" hits="0" branch="true" condition-coverage="0% (0/4)"/>
            <line number="71" hits="0" branch="false"/>
            <line number="72" hits="0" branch="true" condition-coverage="0% (0/2)"/>
            <line number="73" hits="0" branch="false"/>
            <line number="76" hits="0" branch="false"/>
            <line number="78" hits="0" branch="true" condition-coverage="0% (0/1)"/>
            <line number="79" hits="0" branch="false"/>
            <line number="83" hits="5" branch="false"/>
            <line number="84" hits="1" branch="false"/>
            <line number="85" hits="1" branch="false"/>
            <line number="86" hits="1" branch="false"/>
            <line number="89" hits="5" branch="false"/>
            <line number="99" hits="1" branch="false"/>
            <line number="131" hits="5" branch="false"/>
            <line number="150" hits="0" branch="false"/>
            <line number="185" hits="1" branch="false"/>
            <line number="187" hits="1" branch="false"/>
            <line number="188" hits="0" branch="false"/>
            <line number="205" hits="0" branch="false"/>
            <line number="206" hits="0" branch="false"/>
          </lines>
        </class>
        <class name="StatusLog.tsx" filename="src\app\StatusLog.tsx" line-rate="1" branch-rate="0.8571">
          <methods>
            <method name="(anonymous_9)" hits="19" signature="()V">
              <lines>
                <line number="23" hits="19"/>
              </lines>
            </method>
            <method name="(anonymous_10)" hits="6" signature="()V">
              <lines>
                <line number="27" hits="6"/>
              </lines>
            </method>
            <method name="(anonymous_11)" hits="1" signature="()V">
              <lines>
                <line number="54" hits="1"/>
              </lines>
            </method>
            <method name="(anonymous_12)" hits="1" signature="()V">
              <lines>
                <line number="54" hits="1"/>
              </lines>
            </method>
            <method name="(anonymous_13)" hits="1" signature="()V">
              <lines>
                <line number="70" hits="1"/>
              </lines>
            </method>
          </methods>
          <lines>
            <line number="2" hits="3" branch="false"/>
            <line number="9" hits="3" branch="false"/>
            <line number="16" hits="3" branch="false"/>
            <line number="23" hits="3" branch="false"/>
            <line number="24" hits="19" branch="false"/>
            <line number="25" hits="19" branch="false"/>
            <line number="27" hits="19" branch="false"/>
            <line number="28" hits="6" branch="true" condition-coverage="100% (3/3)"/>
            <line number="29" hits="1" branch="true" condition-coverage="75% (3/4)"/>
            <line number="33" hits="19" branch="true" condition-coverage="100% (1/1)"/>
            <line number="35" hits="2" branch="false"/>
            <line number="54" hits="1" branch="false"/>
            <line number="71" hits="1" branch="false"/>
          </lines>
        </class>
        <class name="TagManagerApp.tsx" filename="src\app\TagManagerApp.tsx" line-rate="0.5" branch-rate="0.4266">
          <methods>
            <method name="loadPersistedLog" hits="2" signature="()V">
              <lines>
                <line number="30" hits="2"/>
              </lines>
            </method>
            <method name="(anonymous_10)" hits="0" signature="()V">
              <lines>
                <line number="35" hits="0"/>
              </lines>
            </method>
            <method name="(anonymous_11)" hits="0" signature="()V">
              <lines>
                <line number="43" hits="0"/>
              </lines>
            </method>
            <method name="(anonymous_12)" hits="16" signature="()V">
              <lines>
                <line number="45" hits="16"/>
              </lines>
            </method>
            <method name="(anonymous_13)" hits="3" signature="()V">
              <lines>
                <line number="58" hits="3"/>
              </lines>
            </method>
            <method name="(anonymous_14)" hits="0" signature="()V">
              <lines>
                <line number="69" hits="0"/>
              </lines>
            </method>
            <method name="(anonymous_15)" hits="0" signature="()V">
              <lines>
                <line number="71" hits="0"/>
              </lines>
            </method>
            <method name="(anonymous_16)" hits="0" signature="()V">
              <lines>
                <line number="78" hits="0"/>
              </lines>
            </method>
            <method name="(anonymous_17)" hits="0" signature="()V">
              <lines>
                <line number="79" hits="0"/>
              </lines>
            </method>
            <method name="(anonymous_18)" hits="0" signature="()V">
              <lines>
                <line number="80" hits="0"/>
              </lines>
            </method>
            <method name="(anonymous_19)" hits="0" signature="()V">
              <lines>
                <line number="84" hits="0"/>
              </lines>
            </method>
            <method name="(anonymous_20)" hits="0" signature="()V">
              <lines>
                <line number="85" hits="0"/>
              </lines>
            </method>
            <method name="(anonymous_21)" hits="0" signature="()V">
              <lines>
                <line number="86" hits="0"/>
              </lines>
            </method>
            <method name="(anonymous_22)" hits="3" signature="()V">
              <lines>
                <line number="92" hits="3"/>
              </lines>
            </method>
            <method name="(anonymous_23)" hits="3" signature="()V">
              <lines>
                <line number="106" hits="3"/>
              </lines>
            </method>
            <method name="(anonymous_24)" hits="0" signature="()V">
              <lines>
                <line number="108" hits="0"/>
              </lines>
            </method>
            <method name="(anonymous_25)" hits="0" signature="()V">
              <lines>
                <line number="113" hits="0"/>
              </lines>
            </method>
            <method name="(anonymous_26)" hits="0" signature="()V">
              <lines>
                <line number="114" hits="0"/>
              </lines>
            </method>
            <method name="(anonymous_27)" hits="1" signature="()V">
              <lines>
                <line number="121" hits="1"/>
              </lines>
            </method>
            <method name="(anonymous_28)" hits="11" signature="()V">
              <lines>
                <line number="122" hits="11"/>
              </lines>
            </method>
            <method name="(anonymous_29)" hits="0" signature="()V">
              <lines>
                <line number="127" hits="0"/>
              </lines>
            </method>
            <method name="(anonymous_30)" hits="0" signature="()V">
              <lines>
                <line number="128" hits="0"/>
              </lines>
            </method>
            <method name="(anonymous_31)" hits="0" signature="()V">
              <lines>
                <line number="132" hits="0"/>
              </lines>
            </method>
            <method name="(anonymous_32)" hits="0" signature="()V">
              <lines>
                <line number="133" hits="0"/>
              </lines>
            </method>
            <method name="(anonymous_33)" hits="1" signature="()V">
              <lines>
                <line number="137" hits="1"/>
              </lines>
            </method>
            <method name="(anonymous_34)" hits="11" signature="()V">
              <lines>
                <line number="138" hits="11"/>
              </lines>
            </method>
            <method name="(anonymous_35)" hits="0" signature="()V">
              <lines>
                <line number="150" hits="0"/>
              </lines>
            </method>
            <method name="(anonymous_36)" hits="0" signature="()V">
              <lines>
                <line number="157" hits="0"/>
              </lines>
            </method>
            <method name="(anonymous_37)" hits="0" signature="()V">
              <lines>
                <line number="157" hits="0"/>
              </lines>
            </method>
            <method name="(anonymous_38)" hits="0" signature="()V">
              <lines>
                <line number="158" hits="0"/>
              </lines>
            </method>
            <method name="(anonymous_39)" hits="0" signature="()V">
              <lines>
                <line number="170" hits="0"/>
              </lines>
            </method>
            <method name="(anonymous_40)" hits="0" signature="()V">
              <lines>
                <line number="185" hits="0"/>
              </lines>
            </method>
            <method name="(anonymous_41)" hits="0" signature="()V">
              <lines>
                <line number="185" hits="0"/>
              </lines>
            </method>
            <method name="(anonymous_42)" hits="0" signature="()V">
              <lines>
                <line number="186" hits="0"/>
              </lines>
            </method>
            <method name="(anonymous_43)" hits="0" signature="()V">
              <lines>
                <line number="205" hits="0"/>
              </lines>
            </method>
            <method name="(anonymous_44)" hits="0" signature="()V">
              <lines>
                <line number="227" hits="0"/>
              </lines>
            </method>
            <method name="(anonymous_45)" hits="0" signature="()V">
              <lines>
                <line number="235" hits="0"/>
              </lines>
            </method>
            <method name="(anonymous_46)" hits="0" signature="()V">
              <lines>
                <line number="286" hits="0"/>
              </lines>
            </method>
            <method name="(anonymous_47)" hits="0" signature="()V">
              <lines>
                <line number="326" hits="0"/>
              </lines>
            </method>
            <method name="(anonymous_48)" hits="0" signature="()V">
              <lines>
                <line number="326" hits="0"/>
              </lines>
            </method>
            <method name="(anonymous_49)" hits="0" signature="()V">
              <lines>
                <line number="341" hits="0"/>
              </lines>
            </method>
            <method name="(anonymous_50)" hits="0" signature="()V">
              <lines>
                <line number="341" hits="0"/>
              </lines>
            </method>
            <method name="(anonymous_51)" hits="0" signature="()V">
              <lines>
                <line number="361" hits="0"/>
              </lines>
            </method>
            <method name="(anonymous_52)" hits="0" signature="()V">
              <lines>
                <line number="362" hits="0"/>
              </lines>
            </method>
            <method name="(anonymous_53)" hits="0" signature="()V">
              <lines>
                <line number="369" hits="0"/>
              </lines>
            </method>
            <method name="(anonymous_54)" hits="0" signature="()V">
              <lines>
                <line number="370" hits="0"/>
              </lines>
            </method>
            <method name="(anonymous_55)" hits="0" signature="()V">
              <lines>
                <line number="376" hits="0"/>
              </lines>
            </method>
            <method name="(anonymous_56)" hits="0" signature="()V">
              <lines>
                <line number="377" hits="0"/>
              </lines>
            </method>
          </methods>
          <lines>
            <line number="2" hits="2" branch="false"/>
            <line number="3" hits="2" branch="false"/>
            <line number="4" hits="2" branch="false"/>
            <line number="6" hits="2" branch="false"/>
            <line number="7" hits="2" branch="false"/>
            <line number="8" hits="2" branch="false"/>
            <line number="9" hits="2" branch="false"/>
            <line number="11" hits="2" branch="false"/>
            <line number="12" hits="2" branch="false"/>
            <line number="13" hits="2" branch="false"/>
            <line number="14" hits="2" branch="false"/>
            <line number="15" hits="2" branch="false"/>
            <line number="16" hits="2" branch="false"/>
            <line number="24" hits="2" branch="false"/>
            <line number="25" hits="2" branch="false"/>
            <line number="26" hits="2" branch="false"/>
            <line number="27" hits="2" branch="false"/>
            <line number="28" hits="2" branch="false"/>
            <line number="31" hits="2" branch="false"/>
            <line number="32" hits="2" branch="false"/>
            <line number="33" hits="2" branch="true" condition-coverage="100% (1/1)"/>
            <line number="34" hits="0" branch="false"/>
            <line number="35" hits="0" branch="false"/>
            <line number="37" hits="0" branch="false"/>
            <line number="42" hits="2" branch="false"/>
            <line number="43" hits="2" branch="true" condition-coverage="50% (1/2)"/>
            <line number="45" hits="2" branch="false"/>
            <line number="46" hits="16" branch="false"/>
            <line number="47" hits="16" branch="false"/>
            <line number="48" hits="16" branch="false"/>
            <line number="49" hits="16" branch="false"/>
            <line number="50" hits="16" branch="false"/>
            <line number="51" hits="16" branch="false"/>
            <line number="52" hits="16" branch="false"/>
            <line number="53" hits="16" branch="false"/>
            <line number="54" hits="16" branch="false"/>
            <line number="55" hits="16" branch="false"/>
            <line number="58" hits="16" branch="false"/>
            <line number="59" hits="3" branch="false"/>
            <line number="60" hits="3" branch="false"/>
            <line number="61" hits="3" branch="false"/>
            <line number="69" hits="16" branch="false"/>
            <line number="70" hits="0" branch="false"/>
            <line number="71" hits="0" branch="false"/>
            <line number="75" hits="0" branch="false"/>
            <line number="78" hits="16" branch="false"/>
            <line number="79" hits="0" branch="false"/>
            <line number="80" hits="0" branch="true" condition-coverage="0% (0/2)"/>
            <line number="84" hits="16" branch="false"/>
            <line number="85" hits="0" branch="false"/>
            <line number="86" hits="0" branch="true" condition-coverage="0% (0/2)"/>
            <line number="92" hits="16" branch="false"/>
            <line number="93" hits="3" branch="false"/>
            <line number="94" hits="3" branch="false"/>
            <line number="95" hits="3" branch="false"/>
            <line number="96" hits="3" branch="false"/>
            <line number="97" hits="2" branch="false"/>
            <line number="98" hits="2" branch="false"/>
            <line number="100" hits="1" branch="true" condition-coverage="50% (1/2)"/>
            <line number="102" hits="3" branch="false"/>
            <line number="106" hits="16" branch="false"/>
            <line number="107" hits="3" branch="false"/>
            <line number="108" hits="3" branch="false"/>
            <line number="113" hits="16" branch="false"/>
            <line number="114" hits="0" branch="false"/>
            <line number="115" hits="0" branch="false"/>
            <line number="116" hits="0" branch="true" condition-coverage="0% (0/2)"/>
            <line number="117" hits="0" branch="false"/>
            <line number="121" hits="16" branch="false"/>
            <line number="122" hits="11" branch="true" condition-coverage="50% (1/2)"/>
            <line number="127" hits="16" branch="false"/>
            <line number="128" hits="0" branch="false"/>
            <line number="129" hits="0" branch="false"/>
            <line number="132" hits="16" branch="false"/>
            <line number="133" hits="0" branch="false"/>
            <line number="134" hits="0" branch="false"/>
            <line number="137" hits="16" branch="false"/>
            <line number="138" hits="11" branch="false"/>
            <line number="139" hits="1" branch="true" condition-coverage="50% (1/2)"/>
            <line number="140" hits="1" branch="false"/>
            <line number="142" hits="0" branch="false"/>
            <line number="148" hits="16" branch="true" condition-coverage="100% (2/2)"/>
            <line number="150" hits="16" branch="false"/>
            <line number="151" hits="0" branch="false"/>
            <line number="152" hits="0" branch="false"/>
            <line number="153" hits="0" branch="false"/>
            <line number="154" hits="0" branch="false"/>
            <line number="155" hits="0" branch="false"/>
            <line number="156" hits="0" branch="false"/>
            <line number="157" hits="0" branch="false"/>
            <line number="158" hits="0" branch="false"/>
            <line number="159" hits="0" branch="false"/>
            <line number="160" hits="0" branch="false"/>
            <line number="161" hits="0" branch="false"/>
            <line number="164" hits="0" branch="true" condition-coverage="0% (0/2)"/>
            <line number="165" hits="0" branch="false"/>
            <line number="170" hits="16" branch="false"/>
            <line number="171" hits="0" branch="false"/>
            <line number="172" hits="0" branch="false"/>
            <line number="173" hits="0" branch="false"/>
            <line number="174" hits="0" branch="false"/>
            <line number="178" hits="0" branch="false"/>
            <line number="179" hits="0" branch="false"/>
            <line number="180" hits="0" branch="false"/>
            <line number="185" hits="0" branch="false"/>
            <line number="186" hits="0" branch="false"/>
            <line number="187" hits="0" branch="false"/>
            <line number="188" hits="0" branch="false"/>
            <line number="189" hits="0" branch="false"/>
            <line number="192" hits="0" branch="true" condition-coverage="0% (0/2)"/>
            <line number="193" hits="0" branch="false"/>
            <line number="194" hits="0" branch="false"/>
            <line number="198" hits="0" branch="false"/>
            <line number="200" hits="0" branch="true" condition-coverage="0% (0/1)"/>
            <line number="201" hits="0" branch="false"/>
            <line number="205" hits="16" branch="false"/>
            <line number="206" hits="0" branch="false"/>
            <line number="208" hits="0" branch="false"/>
            <line number="209" hits="0" branch="false"/>
            <line number="211" hits="0" branch="false"/>
            <line number="212" hits="0" branch="false"/>
            <line number="213" hits="0" branch="false"/>
            <line number="214" hits="0" branch="false"/>
            <line number="215" hits="0" branch="false"/>
            <line number="216" hits="0" branch="true" condition-coverage="0% (0/2)"/>
            <line number="218" hits="0" branch="true" condition-coverage="0% (0/2)"/>
            <line number="219" hits="0" branch="false"/>
            <line number="220" hits="0" branch="false"/>
            <line number="227" hits="16" branch="false"/>
            <line number="228" hits="0" branch="false"/>
            <line number="229" hits="0" branch="false"/>
            <line number="234" hits="16" branch="true" condition-coverage="50% (1/2)"/>
            <line number="236" hits="0" branch="true" condition-coverage="0% (0/4)"/>
            <line number="237" hits="0" branch="true" condition-coverage="0% (0/2)"/>
            <line number="243" hits="16" branch="false"/>
            <line number="244" hits="16" branch="false"/>
            <line number="245" hits="16" branch="false"/>
            <line number="247" hits="16" branch="false"/>
            <line number="248" hits="16" branch="true" condition-coverage="100% (2/2)"/>
            <line number="249" hits="16" branch="false"/>
            <line number="273" hits="16" branch="false"/>
            <line number="286" hits="0" branch="false"/>
            <line number="326" hits="0" branch="false"/>
            <line number="341" hits="0" branch="false"/>
            <line number="361" hits="0" branch="false"/>
            <line number="362" hits="0" branch="false"/>
            <line number="369" hits="0" branch="false"/>
            <line number="370" hits="0" branch="false"/>
            <line number="376" hits="0" branch="false"/>
            <line number="377" hits="0" branch="false"/>
          </lines>
        </class>
        <class name="TagTable.tsx" filename="src\app\TagTable.tsx" line-rate="1" branch-rate="0.8665999999999999">
          <methods>
            <method name="(anonymous_9)" hits="10" signature="()V">
              <lines>
                <line number="28" hits="10"/>
              </lines>
            </method>
            <method name="(anonymous_10)" hits="27" signature="()V">
              <lines>
                <line number="44" hits="27"/>
              </lines>
            </method>
            <method name="(anonymous_11)" hits="30" signature="()V">
              <lines>
                <line number="45" hits="30"/>
              </lines>
            </method>
            <method name="(anonymous_12)" hits="4" signature="()V">
              <lines>
                <line number="51" hits="4"/>
              </lines>
            </method>
            <method name="(anonymous_13)" hits="50" signature="()V">
              <lines>
                <line number="55" hits="50"/>
              </lines>
            </method>
            <method name="(anonymous_14)" hits="1" signature="()V">
              <lines>
                <line number="63" hits="1"/>
              </lines>
            </method>
            <method name="(anonymous_15)" hits="7" signature="()V">
              <lines>
                <line number="67" hits="7"/>
              </lines>
            </method>
            <method name="(anonymous_16)" hits="2" signature="()V">
              <lines>
                <line number="76" hits="2"/>
              </lines>
            </method>
            <method name="(anonymous_17)" hits="50" signature="()V">
              <lines>
                <line number="86" hits="50"/>
              </lines>
            </method>
            <method name="(anonymous_18)" hits="50" signature="()V">
              <lines>
                <line number="101" hits="50"/>
              </lines>
            </method>
          </methods>
          <lines>
            <line number="2" hits="3" branch="false"/>
            <line number="3" hits="3" branch="false"/>
            <line number="9" hits="3" branch="false"/>
            <line number="10" hits="3" branch="false"/>
            <line number="11" hits="3" branch="false"/>
            <line number="12" hits="3" branch="false"/>
            <line number="13" hits="3" branch="false"/>
            <line number="25" hits="3" branch="false"/>
            <line number="26" hits="3" branch="false"/>
            <line number="28" hits="3" branch="false"/>
            <line number="34" hits="10" branch="true" condition-coverage="100% (1/1)"/>
            <line number="35" hits="3" branch="false"/>
            <line number="44" hits="27" branch="true" condition-coverage="100% (2/2)"/>
            <line number="45" hits="30" branch="false"/>
            <line number="47" hits="7" branch="false"/>
            <line number="51" hits="7" branch="false"/>
            <line number="56" hits="50" branch="false"/>
            <line number="63" hits="1" branch="false"/>
            <line number="68" hits="7" branch="false"/>
            <line number="76" hits="2" branch="true" condition-coverage="75% (3/4)"/>
            <line number="87" hits="50" branch="false"/>
            <line number="102" hits="50" branch="false"/>
            <line number="122" hits="7" branch="false"/>
          </lines>
        </class>
      </classes>
    </package>
    <package name="hub" line-rate="1" branch-rate="1">
      <classes>
        <class name="Hub.tsx" filename="src\hub\Hub.tsx" line-rate="1" branch-rate="1">
          <methods>
            <method name="(anonymous_10)" hits="1" signature="()V">
              <lines>
                <line number="7" hits="1"/>
              </lines>
            </method>
          </methods>
          <lines>
            <line number="1" hits="1" branch="false"/>
            <line number="2" hits="1" branch="false"/>
            <line number="3" hits="1" branch="false"/>
            <line number="4" hits="1" branch="false"/>
            <line number="5" hits="1" branch="false"/>
            <line number="7" hits="1" branch="false"/>
            <line number="8" hits="1" branch="false"/>
            <line number="9" hits="1" branch="false"/>
          </lines>
        </class>
      </classes>
    </package>
    <package name="services" line-rate="0.9726" branch-rate="0.7714">
      <classes>
        <class name="TagService.ts" filename="src\services\TagService.ts" line-rate="0.9726" branch-rate="0.7714">
          <methods>
            <method name="parseTags" hits="208" signature="()V">
              <lines>
                <line number="11" hits="208"/>
              </lines>
            </method>
            <method name="(anonymous_10)" hits="6" signature="()V">
              <lines>
                <line number="13" hits="6"/>
              </lines>
            </method>
            <method name="joinTags" hits="207" signature="()V">
              <lines>
                <line number="16" hits="207"/>
              </lines>
            </method>
            <method name="(anonymous_12)" hits="10" signature="()V">
              <lines>
                <line number="21" hits="10"/>
              </lines>
            </method>
            <method name="(anonymous_13)" hits="1" signature="()V">
              <lines>
                <line number="30" hits="1"/>
              </lines>
            </method>
            <method name="(anonymous_14)" hits="4" signature="()V">
              <lines>
                <line number="35" hits="4"/>
              </lines>
            </method>
            <method name="(anonymous_15)" hits="0" signature="()V">
              <lines>
                <line number="56" hits="0"/>
              </lines>
            </method>
            <method name="(anonymous_16)" hits="1" signature="()V">
              <lines>
                <line number="70" hits="1"/>
              </lines>
            </method>
            <method name="(anonymous_17)" hits="1" signature="()V">
              <lines>
                <line number="76" hits="1"/>
              </lines>
            </method>
            <method name="(anonymous_18)" hits="2" signature="()V">
              <lines>
                <line number="83" hits="2"/>
              </lines>
            </method>
            <method name="(anonymous_19)" hits="1" signature="()V">
              <lines>
                <line number="95" hits="1"/>
              </lines>
            </method>
            <method name="(anonymous_20)" hits="1" signature="()V">
              <lines>
                <line number="108" hits="1"/>
              </lines>
            </method>
            <method name="(anonymous_21)" hits="2" signature="()V">
              <lines>
                <line number="136" hits="2"/>
              </lines>
            </method>
            <method name="(anonymous_22)" hits="4" signature="()V">
              <lines>
                <line number="146" hits="4"/>
              </lines>
            </method>
            <method name="(anonymous_23)" hits="1" signature="()V">
              <lines>
                <line number="154" hits="1"/>
              </lines>
            </method>
            <method name="(anonymous_24)" hits="2" signature="()V">
              <lines>
                <line number="160" hits="2"/>
              </lines>
            </method>
            <method name="(anonymous_25)" hits="4" signature="()V">
              <lines>
                <line number="162" hits="4"/>
              </lines>
            </method>
            <method name="(anonymous_26)" hits="2" signature="()V">
              <lines>
                <line number="165" hits="2"/>
              </lines>
            </method>
            <method name="(anonymous_27)" hits="3" signature="()V">
              <lines>
                <line number="176" hits="3"/>
              </lines>
            </method>
          </methods>
          <lines>
            <line number="2" hits="2" branch="false"/>
            <line number="3" hits="2" branch="false"/>
            <line number="4" hits="2" branch="false"/>
            <line number="5" hits="2" branch="false"/>
            <line number="12" hits="208" branch="true" condition-coverage="100% (1/1)"/>
            <line number="13" hits="6" branch="false"/>
            <line number="17" hits="207" branch="false"/>
            <line number="20" hits="2" branch="false"/>
            <line number="22" hits="10" branch="false"/>
            <line number="25" hits="10" branch="false"/>
            <line number="26" hits="10" branch="true" condition-coverage="100% (1/1)"/>
            <line number="27" hits="9" branch="false"/>
            <line number="31" hits="1" branch="false"/>
            <line number="41" hits="4" branch="false"/>
            <line number="42" hits="4" branch="false"/>
            <line number="43" hits="4" branch="false"/>
            <line number="44" hits="4" branch="false"/>
            <line number="46" hits="4" branch="false"/>
            <line number="55" hits="4" branch="true" condition-coverage="0% (0/1)"/>
            <line number="56" hits="0" branch="false"/>
            <line number="57" hits="0" branch="false"/>
            <line number="61" hits="4" branch="true" condition-coverage="100% (1/1)"/>
            <line number="63" hits="2" branch="false"/>
            <line number="71" hits="1" branch="false"/>
            <line number="72" hits="1" branch="false"/>
            <line number="76" hits="1" branch="true" condition-coverage="75% (3/4)"/>
            <line number="84" hits="2" branch="false"/>
            <line number="85" hits="2" branch="false"/>
            <line number="96" hits="1" branch="false"/>
            <line number="97" hits="1" branch="false"/>
            <line number="109" hits="1" branch="false"/>
            <line number="110" hits="1" branch="false"/>
            <line number="111" hits="1" branch="false"/>
            <line number="114" hits="1" branch="false"/>
            <line number="115" hits="1" branch="false"/>
            <line number="117" hits="1" branch="false"/>
            <line number="118" hits="3" branch="false"/>
            <line number="119" hits="3" branch="false"/>
            <line number="125" hits="2" branch="true" condition-coverage="75% (6/8)"/>
            <line number="130" hits="1" branch="false"/>
            <line number="137" hits="2" branch="false"/>
            <line number="138" hits="2" branch="false"/>
            <line number="139" hits="2" branch="false"/>
            <line number="140" hits="2" branch="false"/>
            <line number="146" hits="4" branch="true" condition-coverage="75% (3/4)"/>
            <line number="159" hits="1" branch="false"/>
            <line number="160" hits="1" branch="false"/>
            <line number="161" hits="2" branch="false"/>
            <line number="162" hits="4" branch="false"/>
            <line number="164" hits="2" branch="false"/>
            <line number="165" hits="2" branch="false"/>
            <line number="167" hits="2" branch="true" condition-coverage="100% (2/2)"/>
            <line number="169" hits="1" branch="false"/>
            <line number="170" hits="1" branch="false"/>
            <line number="180" hits="3" branch="true" condition-coverage="0% (0/1)"/>
            <line number="182" hits="3" branch="false"/>
            <line number="183" hits="3" branch="false"/>
            <line number="184" hits="3" branch="false"/>
            <line number="186" hits="3" branch="false"/>
            <line number="187" hits="3" branch="false"/>
            <line number="188" hits="4" branch="false"/>
            <line number="189" hits="4" branch="false"/>
            <line number="193" hits="4" branch="false"/>
            <line number="194" hits="208" branch="true" condition-coverage="75% (6/8)"/>
            <line number="198" hits="3" branch="false"/>
            <line number="199" hits="208" branch="false"/>
            <line number="200" hits="208" branch="false"/>
            <line number="201" hits="208" branch="false"/>
            <line number="202" hits="208" branch="false"/>
            <line number="203" hits="208" branch="true" condition-coverage="100% (1/1)"/>
            <line number="205" hits="207" branch="false"/>
            <line number="210" hits="207" branch="false"/>
            <line number="213" hits="3" branch="false"/>
          </lines>
        </class>
      </classes>
    </package>
  </packages>
</coverage>
