TN:
SF:src\app\AlphaNav.tsx
FN:11,(anonymous_1)
FN:15,(anonymous_2)
FN:21,(anonymous_3)
FN:64,(anonymous_4)
FN:69,(anonymous_5)
FN:90,(anonymous_6)
FNF:6
FNH:4
FNDA:52,(anonymous_1)
FNDA:16,(anonymous_2)
FNDA:74,(anonymous_3)
FNDA:0,(anonymous_4)
FNDA:432,(anonymous_5)
FNDA:0,(anonymous_6)
DA:2,2
DA:11,2
DA:12,52
DA:15,2
DA:20,16
DA:22,74
DA:23,74
DA:27,16
DA:41,16
DA:64,0
DA:70,432
DA:71,432
DA:72,432
DA:90,0
LF:14
LH:12
BRDA:22,0,0,0
BRDA:22,0,1,74
BRDA:22,1,0,74
BRDA:22,1,1,74
BRDA:23,2,0,74
BRDA:23,2,1,0
BRDA:23,3,0,74
BRDA:23,3,1,74
BRDA:23,3,2,74
BRDA:58,4,0,16
BRDA:58,4,1,0
BRDA:61,5,0,16
BRDA:61,5,1,0
BRDA:62,6,0,16
BRDA:62,6,1,0
BRDA:78,7,0,0
BRDA:78,7,1,432
BRDA:80,8,0,14
BRDA:80,8,1,418
BRDA:83,9,0,0
BRDA:83,9,1,432
BRDA:84,10,0,0
BRDA:84,10,1,432
BRDA:85,11,0,14
BRDA:85,11,1,418
BRDA:86,12,0,0
BRDA:86,12,1,432
BRDA:90,13,0,0
BRDA:90,13,1,0
BRF:29
BRH:18
end_of_record
TN:
SF:src\app\CountConfirmDialog.tsx
FN:13,(anonymous_1)
FNF:1
FNH:1
FNDA:1,(anonymous_1)
DA:2,2
DA:3,2
DA:4,2
DA:13,2
DA:18,1
LF:5
LH:5
BRF:0
BRH:0
end_of_record
TN:
SF:src\app\DeleteDialog.tsx
FN:13,(anonymous_1)
FN:60,(anonymous_2)
FNF:2
FNH:0
FNDA:0,(anonymous_1)
FNDA:0,(anonymous_2)
DA:2,2
DA:3,2
DA:4,2
DA:13,2
DA:18,0
DA:61,0
LF:6
LH:4
BRDA:24,0,0,0
BRDA:24,0,1,0
BRDA:34,1,0,0
BRDA:34,1,1,0
BRDA:35,2,0,0
BRDA:35,2,1,0
BRF:6
BRH:0
end_of_record
TN:
SF:src\app\MergeDialog.tsx
FN:15,(anonymous_9)
FN:30,(anonymous_10)
FN:38,(anonymous_11)
FN:46,(anonymous_12)
FN:47,(anonymous_13)
FN:53,(anonymous_14)
FN:56,(anonymous_15)
FN:62,(anonymous_16)
FN:66,(anonymous_17)
FN:69,(anonymous_18)
FN:83,(anonymous_19)
FN:99,(anonymous_20)
FN:130,(anonymous_21)
FN:150,(anonymous_22)
FN:184,(anonymous_23)
FN:187,(anonymous_24)
FN:188,(anonymous_25)
FN:205,(anonymous_26)
FN:206,(anonymous_27)
FNF:19
FNH:12
FNDA:5,(anonymous_9)
FNDA:10,(anonymous_10)
FNDA:5,(anonymous_11)
FNDA:2,(anonymous_12)
FNDA:1,(anonymous_13)
FNDA:2,(anonymous_14)
FNDA:2,(anonymous_15)
FNDA:0,(anonymous_16)
FNDA:0,(anonymous_17)
FNDA:0,(anonymous_18)
FNDA:1,(anonymous_19)
FNDA:1,(anonymous_20)
FNDA:5,(anonymous_21)
FNDA:0,(anonymous_22)
FNDA:1,(anonymous_23)
FNDA:1,(anonymous_24)
FNDA:0,(anonymous_25)
FNDA:0,(anonymous_26)
FNDA:0,(anonymous_27)
DA:2,3
DA:3,3
DA:4,3
DA:5,3
DA:15,3
DA:21,5
DA:22,5
DA:23,5
DA:24,5
DA:26,5
DA:29,5
DA:31,10
DA:37,5
DA:38,5
DA:41,5
DA:43,5
DA:46,5
DA:47,2
DA:48,1
DA:49,0
DA:52,2
DA:53,2
DA:56,5
DA:57,2
DA:58,2
DA:59,2
DA:62,5
DA:63,0
DA:64,0
DA:65,0
DA:66,0
DA:67,0
DA:68,0
DA:69,0
DA:70,0
DA:71,0
DA:72,0
DA:73,0
DA:76,0
DA:78,0
DA:79,0
DA:83,5
DA:84,1
DA:85,1
DA:86,1
DA:89,5
DA:99,1
DA:131,5
DA:150,0
DA:185,1
DA:187,1
DA:188,0
DA:205,0
DA:206,0
LF:54
LH:35
BRDA:31,0,0,10
BRDA:31,0,1,6
BRDA:37,1,0,5
BRDA:37,1,1,3
BRDA:41,2,0,2
BRDA:41,2,1,3
BRDA:48,3,0,0
BRDA:48,4,0,1
BRDA:48,4,1,1
BRDA:63,5,0,0
BRDA:63,6,0,0
BRDA:63,6,1,0
BRDA:64,7,0,0
BRDA:64,7,1,0
BRDA:67,8,0,0
BRDA:67,8,1,0
BRDA:70,9,0,0
BRDA:70,9,1,0
BRDA:70,10,0,0
BRDA:70,10,1,0
BRDA:72,11,0,0
BRDA:72,11,1,0
BRDA:78,12,0,0
BRDA:105,13,0,0
BRDA:105,13,1,5
BRDA:167,14,0,5
BRDA:167,14,1,2
BRDA:167,14,2,2
BRDA:194,15,0,0
BRDA:194,15,1,1
BRDA:203,16,0,2
BRDA:203,16,1,2
BRDA:212,17,0,0
BRDA:212,17,1,2
BRDA:215,18,0,1
BRDA:215,18,1,1
BRDA:242,19,0,5
BRDA:242,19,1,3
BRDA:242,19,2,0
BRF:39
BRH:20
end_of_record
TN:
SF:src\app\StatusLog.tsx
FN:23,(anonymous_9)
FN:27,(anonymous_10)
FN:54,(anonymous_11)
FN:54,(anonymous_12)
FN:70,(anonymous_13)
FNF:5
FNH:5
FNDA:19,(anonymous_9)
FNDA:6,(anonymous_10)
FNDA:1,(anonymous_11)
FNDA:1,(anonymous_12)
FNDA:1,(anonymous_13)
DA:2,3
DA:9,3
DA:16,3
DA:23,3
DA:24,19
DA:25,19
DA:27,19
DA:28,6
DA:29,1
DA:33,19
DA:35,2
DA:54,1
DA:71,1
LF:13
LH:13
BRDA:28,0,0,1
BRDA:28,1,0,6
BRDA:28,1,1,1
BRDA:29,2,0,0
BRDA:29,2,1,1
BRDA:29,3,0,1
BRDA:29,3,1,1
BRDA:33,4,0,17
BRDA:56,5,0,1
BRDA:56,5,1,1
BRDA:58,6,0,0
BRDA:58,6,1,2
BRDA:62,7,0,2
BRDA:62,7,1,1
BRF:14
BRH:12
end_of_record
TN:
SF:src\app\TagManagerApp.tsx
FN:30,loadPersistedLog
FN:35,(anonymous_10)
FN:43,(anonymous_11)
FN:45,(anonymous_12)
FN:58,(anonymous_13)
FN:69,(anonymous_14)
FN:71,(anonymous_15)
FN:78,(anonymous_16)
FN:79,(anonymous_17)
FN:80,(anonymous_18)
FN:84,(anonymous_19)
FN:85,(anonymous_20)
FN:86,(anonymous_21)
FN:92,(anonymous_22)
FN:106,(anonymous_23)
FN:108,(anonymous_24)
FN:113,(anonymous_25)
FN:114,(anonymous_26)
FN:121,(anonymous_27)
FN:122,(anonymous_28)
FN:127,(anonymous_29)
FN:128,(anonymous_30)
FN:132,(anonymous_31)
FN:133,(anonymous_32)
FN:137,(anonymous_33)
FN:138,(anonymous_34)
FN:150,(anonymous_35)
FN:157,(anonymous_36)
FN:157,(anonymous_37)
FN:158,(anonymous_38)
FN:170,(anonymous_39)
FN:185,(anonymous_40)
FN:185,(anonymous_41)
FN:186,(anonymous_42)
FN:205,(anonymous_43)
FN:227,(anonymous_44)
FN:235,(anonymous_45)
FN:286,(anonymous_46)
FN:326,(anonymous_47)
FN:326,(anonymous_48)
FN:341,(anonymous_49)
FN:341,(anonymous_50)
FN:361,(anonymous_51)
FN:362,(anonymous_52)
FN:369,(anonymous_53)
FN:370,(anonymous_54)
FN:376,(anonymous_55)
FN:377,(anonymous_56)
FNF:48
FNH:9
FNDA:2,loadPersistedLog
FNDA:0,(anonymous_10)
FNDA:0,(anonymous_11)
FNDA:16,(anonymous_12)
FNDA:3,(anonymous_13)
FNDA:0,(anonymous_14)
FNDA:0,(anonymous_15)
FNDA:0,(anonymous_16)
FNDA:0,(anonymous_17)
FNDA:0,(anonymous_18)
FNDA:0,(anonymous_19)
FNDA:0,(anonymous_20)
FNDA:0,(anonymous_21)
FNDA:3,(anonymous_22)
FNDA:3,(anonymous_23)
FNDA:0,(anonymous_24)
FNDA:0,(anonymous_25)
FNDA:0,(anonymous_26)
FNDA:1,(anonymous_27)
FNDA:11,(anonymous_28)
FNDA:0,(anonymous_29)
FNDA:0,(anonymous_30)
FNDA:0,(anonymous_31)
FNDA:0,(anonymous_32)
FNDA:1,(anonymous_33)
FNDA:11,(anonymous_34)
FNDA:0,(anonymous_35)
FNDA:0,(anonymous_36)
FNDA:0,(anonymous_37)
FNDA:0,(anonymous_38)
FNDA:0,(anonymous_39)
FNDA:0,(anonymous_40)
FNDA:0,(anonymous_41)
FNDA:0,(anonymous_42)
FNDA:0,(anonymous_43)
FNDA:0,(anonymous_44)
FNDA:0,(anonymous_45)
FNDA:0,(anonymous_46)
FNDA:0,(anonymous_47)
FNDA:0,(anonymous_48)
FNDA:0,(anonymous_49)
FNDA:0,(anonymous_50)
FNDA:0,(anonymous_51)
FNDA:0,(anonymous_52)
FNDA:0,(anonymous_53)
FNDA:0,(anonymous_54)
FNDA:0,(anonymous_55)
FNDA:0,(anonymous_56)
DA:2,2
DA:3,2
DA:4,2
DA:6,2
DA:7,2
DA:8,2
DA:9,2
DA:11,2
DA:12,2
DA:13,2
DA:14,2
DA:15,2
DA:16,2
DA:24,2
DA:25,2
DA:26,2
DA:27,2
DA:28,2
DA:31,2
DA:32,2
DA:33,2
DA:34,0
DA:35,0
DA:37,0
DA:42,2
DA:43,2
DA:45,2
DA:46,16
DA:47,16
DA:48,16
DA:49,16
DA:50,16
DA:51,16
DA:52,16
DA:53,16
DA:54,16
DA:55,16
DA:58,16
DA:59,3
DA:60,3
DA:61,3
DA:69,16
DA:70,0
DA:71,0
DA:75,0
DA:78,16
DA:79,0
DA:80,0
DA:84,16
DA:85,0
DA:86,0
DA:92,16
DA:93,3
DA:94,3
DA:95,3
DA:96,3
DA:97,2
DA:98,2
DA:100,1
DA:102,3
DA:106,16
DA:107,3
DA:108,3
DA:113,16
DA:114,0
DA:115,0
DA:116,0
DA:117,0
DA:121,16
DA:122,11
DA:127,16
DA:128,0
DA:129,0
DA:132,16
DA:133,0
DA:134,0
DA:137,16
DA:138,11
DA:139,1
DA:140,1
DA:142,0
DA:148,16
DA:150,16
DA:151,0
DA:152,0
DA:153,0
DA:154,0
DA:155,0
DA:156,0
DA:157,0
DA:158,0
DA:159,0
DA:160,0
DA:161,0
DA:164,0
DA:165,0
DA:170,16
DA:171,0
DA:172,0
DA:173,0
DA:174,0
DA:178,0
DA:179,0
DA:180,0
DA:185,0
DA:186,0
DA:187,0
DA:188,0
DA:189,0
DA:192,0
DA:193,0
DA:194,0
DA:198,0
DA:200,0
DA:201,0
DA:205,16
DA:206,0
DA:208,0
DA:209,0
DA:211,0
DA:212,0
DA:213,0
DA:214,0
DA:215,0
DA:216,0
DA:218,0
DA:219,0
DA:220,0
DA:227,16
DA:228,0
DA:229,0
DA:234,16
DA:236,0
DA:237,0
DA:243,16
DA:244,16
DA:245,16
DA:247,16
DA:248,16
DA:249,16
DA:273,16
DA:286,0
DA:326,0
DA:341,0
DA:361,0
DA:362,0
DA:369,0
DA:370,0
DA:376,0
DA:377,0
LF:150
LH:75
BRDA:33,0,0,2
BRDA:43,1,0,0
BRDA:43,1,1,2
BRDA:80,2,0,0
BRDA:80,2,1,0
BRDA:86,3,0,0
BRDA:86,3,1,0
BRDA:100,4,0,1
BRDA:100,4,1,0
BRDA:116,5,0,0
BRDA:116,5,1,0
BRDA:122,6,0,1
BRDA:122,6,1,0
BRDA:139,7,0,1
BRDA:139,7,1,0
BRDA:148,8,0,5
BRDA:148,8,1,11
BRDA:164,9,0,0
BRDA:164,9,1,0
BRDA:182,10,0,0
BRDA:182,10,1,0
BRDA:192,11,0,0
BRDA:192,11,1,0
BRDA:200,12,0,0
BRDA:216,13,0,0
BRDA:216,13,1,0
BRDA:218,14,0,0
BRDA:218,14,1,0
BRDA:234,15,0,0
BRDA:234,15,1,16
BRDA:236,16,0,0
BRDA:236,16,1,0
BRDA:236,17,0,0
BRDA:236,17,1,0
BRDA:237,18,0,0
BRDA:237,18,1,0
BRDA:238,19,0,0
BRDA:238,19,1,0
BRDA:248,20,0,2
BRDA:248,20,1,14
BRDA:282,21,0,16
BRDA:282,21,1,3
BRDA:298,22,0,8
BRDA:298,22,1,8
BRDA:310,23,0,16
BRDA:310,23,1,8
BRDA:310,23,2,0
BRDA:328,24,0,0
BRDA:328,24,1,0
BRDA:329,25,0,0
BRDA:329,25,1,0
BRDA:337,26,0,0
BRDA:337,26,1,0
BRDA:344,27,0,0
BRDA:344,27,1,0
BRDA:345,28,0,0
BRDA:345,28,1,0
BRDA:358,29,0,16
BRDA:358,29,1,0
BRDA:358,30,0,15
BRDA:358,30,1,1
BRDA:358,31,0,16
BRDA:358,31,1,1
BRDA:365,32,0,16
BRDA:365,32,1,0
BRDA:365,33,0,15
BRDA:365,33,1,1
BRDA:365,34,0,16
BRDA:365,34,1,1
BRDA:373,35,0,16
BRDA:373,35,1,1
BRDA:373,36,0,15
BRDA:373,36,1,1
BRDA:373,37,0,16
BRDA:373,37,1,1
BRF:75
BRH:32
end_of_record
TN:
SF:src\app\TagTable.tsx
FN:28,(anonymous_9)
FN:44,(anonymous_10)
FN:45,(anonymous_11)
FN:51,(anonymous_12)
FN:55,(anonymous_13)
FN:63,(anonymous_14)
FN:67,(anonymous_15)
FN:76,(anonymous_16)
FN:86,(anonymous_17)
FN:101,(anonymous_18)
FNF:10
FNH:10
FNDA:10,(anonymous_9)
FNDA:27,(anonymous_10)
FNDA:30,(anonymous_11)
FNDA:4,(anonymous_12)
FNDA:50,(anonymous_13)
FNDA:1,(anonymous_14)
FNDA:7,(anonymous_15)
FNDA:2,(anonymous_16)
FNDA:50,(anonymous_17)
FNDA:50,(anonymous_18)
DA:2,3
DA:3,3
DA:9,3
DA:10,3
DA:11,3
DA:12,3
DA:13,3
DA:25,3
DA:26,3
DA:28,3
DA:34,10
DA:35,3
DA:44,27
DA:45,30
DA:47,7
DA:51,7
DA:56,50
DA:63,1
DA:68,7
DA:76,2
DA:87,50
DA:102,50
DA:122,7
LF:23
LH:23
BRDA:34,0,0,3
BRDA:44,1,0,7
BRDA:44,1,1,7
BRDA:75,2,0,1
BRDA:75,2,1,6
BRDA:75,3,0,7
BRDA:75,3,1,3
BRDA:76,4,0,2
BRDA:76,4,1,0
BRDA:76,5,0,2
BRDA:76,5,1,2
BRDA:107,6,0,49
BRDA:107,6,1,1
BRDA:109,7,0,0
BRDA:109,7,1,1
BRF:15
BRH:13
end_of_record
TN:
SF:src\hub\Hub.tsx
FN:7,(anonymous_10)
FNF:1
FNH:1
FNDA:1,(anonymous_10)
DA:1,1
DA:2,1
DA:3,1
DA:4,1
DA:5,1
DA:7,1
DA:8,1
DA:9,1
LF:8
LH:8
BRF:0
BRH:0
end_of_record
TN:
SF:src\services\TagService.ts
FN:11,parseTags
FN:13,(anonymous_10)
FN:16,joinTags
FN:21,(anonymous_12)
FN:30,(anonymous_13)
FN:35,(anonymous_14)
FN:56,(anonymous_15)
FN:70,(anonymous_16)
FN:76,(anonymous_17)
FN:83,(anonymous_18)
FN:95,(anonymous_19)
FN:108,(anonymous_20)
FN:136,(anonymous_21)
FN:146,(anonymous_22)
FN:154,(anonymous_23)
FN:160,(anonymous_24)
FN:162,(anonymous_25)
FN:165,(anonymous_26)
FN:176,(anonymous_27)
FNF:19
FNH:18
FNDA:208,parseTags
FNDA:6,(anonymous_10)
FNDA:207,joinTags
FNDA:10,(anonymous_12)
FNDA:1,(anonymous_13)
FNDA:4,(anonymous_14)
FNDA:0,(anonymous_15)
FNDA:1,(anonymous_16)
FNDA:1,(anonymous_17)
FNDA:2,(anonymous_18)
FNDA:1,(anonymous_19)
FNDA:1,(anonymous_20)
FNDA:2,(anonymous_21)
FNDA:4,(anonymous_22)
FNDA:1,(anonymous_23)
FNDA:2,(anonymous_24)
FNDA:4,(anonymous_25)
FNDA:2,(anonymous_26)
FNDA:3,(anonymous_27)
DA:2,2
DA:3,2
DA:4,2
DA:5,2
DA:12,208
DA:13,6
DA:17,207
DA:20,2
DA:22,10
DA:25,10
DA:26,10
DA:27,9
DA:31,1
DA:41,4
DA:42,4
DA:43,4
DA:44,4
DA:46,4
DA:55,4
DA:56,0
DA:57,0
DA:61,4
DA:63,2
DA:71,1
DA:72,1
DA:76,1
DA:84,2
DA:85,2
DA:96,1
DA:97,1
DA:109,1
DA:110,1
DA:111,1
DA:114,1
DA:115,1
DA:117,1
DA:118,3
DA:119,3
DA:125,2
DA:130,1
DA:137,2
DA:138,2
DA:139,2
DA:140,2
DA:146,4
DA:159,1
DA:160,1
DA:161,2
DA:162,4
DA:164,2
DA:165,2
DA:167,2
DA:169,1
DA:170,1
DA:180,3
DA:182,3
DA:183,3
DA:184,3
DA:186,3
DA:187,3
DA:188,4
DA:189,4
DA:193,4
DA:194,208
DA:198,3
DA:199,208
DA:200,208
DA:201,208
DA:202,208
DA:203,208
DA:205,207
DA:210,207
DA:213,3
LF:73
LH:71
BRDA:12,0,0,205
BRDA:26,1,0,1
BRDA:38,2,0,1
BRDA:52,3,0,1
BRDA:52,3,1,3
BRDA:55,4,0,0
BRDA:61,5,0,2
BRDA:76,6,0,1
BRDA:76,6,1,0
BRDA:76,7,0,1
BRDA:76,7,1,1
BRDA:125,8,0,2
BRDA:125,8,1,0
BRDA:125,9,0,2
BRDA:125,9,1,2
BRDA:125,10,0,0
BRDA:125,10,1,2
BRDA:125,11,0,2
BRDA:125,11,1,2
BRDA:146,12,0,2
BRDA:146,12,1,0
BRDA:146,13,0,2
BRDA:146,13,1,2
BRDA:167,14,0,1
BRDA:167,14,1,1
BRDA:180,15,0,0
BRDA:194,16,0,208
BRDA:194,16,1,0
BRDA:194,17,0,208
BRDA:194,17,1,208
BRDA:194,18,0,0
BRDA:194,18,1,208
BRDA:194,19,0,208
BRDA:194,19,1,208
BRDA:203,20,0,1
BRF:35
BRH:27
end_of_record
